<?xml version="1.0" encoding="UTF-8"?>
<testsuite name="C:/Users/RAHUL/IdeaProjects/ATB7xAPIAutomationPrograms"
           tests="3"
           failures="0"
           errors="0"
           skipped="0"
           time="0.031">
    <properties></properties>



            <testcase
                name="testPUTReq2"
                time="0.000"
                classname="ex_21092024.TestNG003">
            </testcase>
            <testcase
                name="testPUTReq3"
                time="0.000"
                classname="ex_21092024.TestNG003">
            </testcase>
            <testcase
                name="testPUTReq1"
                time="0.031"
                classname="ex_21092024.TestNG003">
            </testcase>
</testsuite>
